<?xml version="1.0" encoding="UTF-8"?>
<!-- Generated by org.testng.reporters.JUnitReportReporter -->
<testsuite skipped="0" hostname="Vikash-PC" name="com.w2a.testcases.AddCustomer" tests="5" failures="0" timestamp="20 Oct 2018 13:02:12 GMT" time="14.250" errors="0">
  <testcase name="addcustomer" time="2.583" classname="com.w2a.testcases.AddCustomer"/>
  <testcase name="addcustomer" time="2.724" classname="com.w2a.testcases.AddCustomer"/>
  <testcase name="addcustomer" time="2.533" classname="com.w2a.testcases.AddCustomer"/>
  <testcase name="addcustomer" time="2.664" classname="com.w2a.testcases.AddCustomer"/>
  <testcase name="addcustomer" time="3.746" classname="com.w2a.testcases.AddCustomer"/>
</testsuite> <!-- com.w2a.testcases.AddCustomer -->
