<?xml version="1.0" encoding="UTF-8"?>
<!-- Generated by org.testng.reporters.JUnitReportReporter -->
<testsuite skipped="0" hostname="DESKTOP-98NP3GG" name="com.w2a.testcases.BankManagerLogin" tests="1" failures="0" timestamp="14 Jan 2019 11:17:03 GMT" time="19.906" errors="0">
  <testcase name="LoginAsBankManager" time="19.906" classname="com.w2a.testcases.BankManagerLogin"/>
</testsuite> <!-- com.w2a.testcases.BankManagerLogin -->
