<?xml version="1.0" encoding="UTF-8"?>
<!-- Generated by org.testng.reporters.JUnitReportReporter -->
<testsuite skipped="0" hostname="Vikash-PC" name="com.w2a.testcases.OpenAccount" tests="1" failures="0" timestamp="20 Oct 2018 13:02:12 GMT" time="3.576" errors="0">
  <testcase name="openAccount" time="3.576" classname="com.w2a.testcases.OpenAccount"/>
</testsuite> <!-- com.w2a.testcases.OpenAccount -->
