<?xml version="1.0" encoding="UTF-8"?>
<!-- Generated by org.testng.reporters.JUnitReportReporter -->
<testsuite skipped="0" hostname="Vikash-PC" name="com.w2a.testcases.LoginTest" tests="1" failures="0" timestamp="03 Oct 2018 05:00:33 GMT" time="0.513" errors="0">
  <testcase name="LoginAsBankManager" time="0.513" classname="com.w2a.testcases.LoginTest"/>
</testsuite> <!-- com.w2a.testcases.LoginTest -->
