<?xml version="1.0" encoding="UTF-8"?>
<!-- Generated by org.testng.reporters.JUnitReportReporter -->
<testsuite skipped="0" hostname="DESKTOP-98NP3GG" name="com.w2a.testcases.OpenAccount" tests="1" failures="0" timestamp="14 Jan 2019 11:17:03 GMT" time="4.788" errors="0">
  <testcase name="openAccount" time="4.788" classname="com.w2a.testcases.OpenAccount"/>
</testsuite> <!-- com.w2a.testcases.OpenAccount -->
