<?xml version="1.0" encoding="UTF-8"?>
<!-- Generated by org.testng.reporters.JUnitReportReporter -->
<testsuite skipped="0" hostname="Vikash-PC" name="com.w2a.testcases.AddCustomer" tests="5" failures="0" timestamp="20 Oct 2018 13:05:58 GMT" time="14.836" errors="0">
  <testcase name="addcustomer" time="3.518" classname="com.w2a.testcases.AddCustomer"/>
  <testcase name="addcustomer" time="2.757" classname="com.w2a.testcases.AddCustomer"/>
  <testcase name="addcustomer" time="2.734" classname="com.w2a.testcases.AddCustomer"/>
  <testcase name="addcustomer" time="2.641" classname="com.w2a.testcases.AddCustomer"/>
  <testcase name="addcustomer" time="3.186" classname="com.w2a.testcases.AddCustomer"/>
</testsuite> <!-- com.w2a.testcases.AddCustomer -->
